<?xml version="1.0" encoding="UTF-8"?>
<!-- Generated by org.testng.reporters.JUnitReportReporter -->
<testsuite hostname="DESKTOP-O9C74AC" failures="0" tests="11" name="org.example.testRunner.Runners" time="145.046" errors="0" timestamp="30 Mar 2023 21:34:47 GMT" skipped="0">
  <testcase classname="org.example.testRunner.Runners" name="runScenario" time="19.000"/>
  <testcase classname="org.example.testRunner.Runners" name="runScenario" time="13.550"/>
  <testcase classname="org.example.testRunner.Runners" name="runScenario" time="15.186"/>
  <testcase classname="org.example.testRunner.Runners" name="runScenario" time="8.166"/>
  <testcase classname="org.example.testRunner.Runners" name="runScenario" time="10.127"/>
  <testcase classname="org.example.testRunner.Runners" name="runScenario" time="9.951"/>
  <testcase classname="org.example.testRunner.Runners" name="runScenario" time="15.701"/>
  <testcase classname="org.example.testRunner.Runners" name="runScenario" time="11.662"/>
  <testcase classname="org.example.testRunner.Runners" name="runScenario" time="13.035"/>
  <testcase classname="org.example.testRunner.Runners" name="runScenario" time="10.450"/>
  <testcase classname="org.example.testRunner.Runners" name="runScenario" time="18.218"/>
</testsuite> <!-- org.example.testRunner.Runners -->
